2023-11-05 22:14:19,680 INFO o.s.b.StartupInfoLogger [main] Starting MyWebApplication using Java 21.0.1 with PID 22877 (/Users/dwang/IdeaProjects/dw-apps/my-webapp/target/classes started by dwang in /Users/dwang/IdeaProjects/dw-apps)
2023-11-05 22:14:19,683 DEBUG o.s.b.StartupInfoLogger [main] Running with Spring Boot v3.0.1, Spring v6.0.3
2023-11-05 22:14:19,684 INFO o.s.b.SpringApplication [main] No active profile set, falling back to 1 default profile: "default"
2023-11-05 22:14:19,996 INFO o.s.d.r.c.RepositoryConfigurationDelegate [main] Bootstrapping Spring Data JPA repositories in DEFAULT mode.
2023-11-05 22:14:20,028 INFO o.s.d.r.c.RepositoryConfigurationDelegate [main] Finished Spring Data repository scanning in 28 ms. Found 1 JPA repository interfaces.
2023-11-05 22:14:20,296 INFO o.s.b.w.e.t.TomcatWebServer [main] Tomcat initialized with port(s): 8081 (http)
2023-11-05 22:14:20,302 INFO o.a.j.l.DirectJDKLog [main] Initializing ProtocolHandler ["http-nio-8081"]
2023-11-05 22:14:20,302 INFO o.a.j.l.DirectJDKLog [main] Starting service [Tomcat]
2023-11-05 22:14:20,303 INFO o.a.j.l.DirectJDKLog [main] Starting Servlet engine: [Apache Tomcat/10.1.4]
2023-11-05 22:14:20,341 INFO o.a.j.l.DirectJDKLog [main] Initializing Spring embedded WebApplicationContext
2023-11-05 22:14:20,342 INFO o.s.b.w.s.c.ServletWebServerApplicationContext [main] Root WebApplicationContext: initialization completed in 639 ms
2023-11-05 22:14:20,420 INFO o.h.j.i.u.LogHelper [main] HHH000204: Processing PersistenceUnitInfo [name: default]
2023-11-05 22:14:20,444 INFO o.h.Version [main] HHH000412: Hibernate ORM core version 6.1.6.Final
2023-11-05 22:14:20,525 WARN o.h.b.i.MetadataBuilderImpl$MetadataBuildingOptionsImpl [main] HHH90000021: Encountered deprecated setting [javax.persistence.sharedCache.mode], use [jakarta.persistence.sharedCache.mode] instead
2023-11-05 22:14:20,574 INFO c.z.h.HikariDataSource [main] HikariPool-1 - Starting...
2023-11-05 22:14:20,657 INFO c.z.h.p.HikariPool [main] HikariPool-1 - Added connection com.mysql.cj.jdbc.ConnectionImpl@60c96eb4
2023-11-05 22:14:20,658 INFO c.z.h.HikariDataSource [main] HikariPool-1 - Start completed.
2023-11-05 22:14:20,684 INFO o.h.e.j.d.i.DialectFactoryImpl [main] HHH000400: Using dialect: org.hibernate.dialect.MySQLDialect
2023-11-05 22:14:20,992 INFO o.h.e.t.j.p.i.JtaPlatformInitiator [main] HHH000490: Using JtaPlatform implementation: [org.hibernate.engine.transaction.jta.platform.internal.NoJtaPlatform]
2023-11-05 22:14:20,997 INFO o.s.o.j.AbstractEntityManagerFactoryBean [main] Initialized JPA EntityManagerFactory for persistence unit 'default'
2023-11-05 22:14:21,140 WARN o.s.b.a.o.j.JpaBaseConfiguration$JpaWebConfiguration [main] spring.jpa.open-in-view is enabled by default. Therefore, database queries may be performed during view rendering. Explicitly configure spring.jpa.open-in-view to disable this warning
2023-11-05 22:14:21,315 INFO o.a.j.l.DirectJDKLog [main] Starting ProtocolHandler ["http-nio-8081"]
2023-11-05 22:14:21,326 INFO o.s.b.w.e.t.TomcatWebServer [main] Tomcat started on port(s): 8081 (http) with context path '/dws'
2023-11-05 22:14:21,331 INFO o.s.b.StartupInfoLogger [main] Started MyWebApplication in 1.8 seconds (process running for 2.247)
